<?xml version="1.0" encoding="UTF-8"?>
<!-- Generated by org.testng.reporters.JUnitReportReporter -->
<testsuite hostname="LAPTOP-OA9BV4I6" name="BackgroundSD.testrunBackgroundTest" tests="1" failures="0" timestamp="22 Mar 2020 09:17:09 GMT" time="17.918" errors="0">
  <testcase name="feature" time="17.918" classname="BackgroundSD.testrunBackgroundTest"/>
</testsuite> <!-- BackgroundSD.testrunBackgroundTest -->
