<?xml version="1.0" encoding="UTF-8"?>
<!-- Generated by org.testng.reporters.JUnitReportReporter -->
<testsuite hostname="LAPTOP-OA9BV4I6" name="TagsSD.testRunnerTags" tests="1" failures="0" timestamp="22 Mar 2020 03:25:08 GMT" time="26.720" errors="0">
  <testcase name="feature" time="26.720" classname="TagsSD.testRunnerTags"/>
</testsuite> <!-- TagsSD.testRunnerTags -->
