<?xml version="1.0" encoding="UTF-8"?>
<!-- Generated by org.testng.reporters.JUnitReportReporter -->
<testsuite hostname="LAPTOP-OA9BV4I6" name="DataDrivenSD.testrunDataDriven" tests="1" failures="0" timestamp="22 Mar 2020 03:40:27 GMT" time="19.183" errors="0">
  <testcase name="feature" time="19.183" classname="DataDrivenSD.testrunDataDriven"/>
</testsuite> <!-- DataDrivenSD.testrunDataDriven -->
