<?xml version="1.0" encoding="UTF-8"?>
<!-- Generated by org.testng.reporters.JUnitReportReporter -->
<testsuite hostname="LAPTOP-OA9BV4I6" name="MultiScenerioGluecode.runnerMultiScenario" tests="1" failures="0" timestamp="22 Mar 2020 03:13:40 GMT" time="26.272" errors="0">
  <testcase name="feature" time="26.272" classname="MultiScenerioGluecode.runnerMultiScenario"/>
</testsuite> <!-- MultiScenerioGluecode.runnerMultiScenario -->
