<?xml version="1.0" encoding="UTF-8"?>
<!-- Generated by org.testng.reporters.JUnitReportReporter -->
<testsuite hostname="LAPTOP-OA9BV4I6" name="DataTableSD.runnerDataTable" tests="1" failures="0" timestamp="22 Mar 2020 03:41:21 GMT" time="7.544" errors="0">
  <testcase name="feature" time="7.544" classname="DataTableSD.runnerDataTable"/>
</testsuite> <!-- DataTableSD.runnerDataTable -->
