<?xml version="1.0" encoding="UTF-8"?>
<!-- Generated by org.testng.reporters.JUnitReportReporter -->
<testsuite hostname="LAPTOP-OA9BV4I6" name="ParameterizationSD.testrunnerParamTest" tests="1" failures="0" timestamp="22 Mar 2020 03:16:06 GMT" time="18.672" errors="0">
  <testcase name="feature" time="18.672" classname="ParameterizationSD.testrunnerParamTest"/>
</testsuite> <!-- ParameterizationSD.testrunnerParamTest -->
