<?xml version="1.0" encoding="UTF-8"?>
<!-- Generated by org.testng.reporters.JUnitReportReporter -->
<testsuite hostname="LAPTOP-OA9BV4I6" name="seleniumgluecode.testrunnerFirstTest" tests="1" failures="0" timestamp="22 Mar 2020 03:17:02 GMT" time="9.158" errors="0">
  <testcase name="feature" time="9.158" classname="seleniumgluecode.testrunnerFirstTest"/>
</testsuite> <!-- seleniumgluecode.testrunnerFirstTest -->
